151
4 499 497 480 498 
4 486 495 479 471 
4 485 494 474 468 
4 482 492 467 453 
4 473 488 464 452 
4 462 484 463 416 
4 457 475 461 401 
4 454 455 459 394 
4 447 450 451 389 
4 441 449 446 373 
4 439 448 444 354 
4 438 445 442 353 
4 437 443 436 346 
4 433 434 425 344 
4 432 424 422 338 
4 431 421 407 318 
4 427 409 402 317 
4 423 405 396 303 
4 420 388 390 293 
4 419 385 380 288 
4 417 378 379 253 
4 415 370 377 251 
4 414 367 365 247 
4 411 357 361 204 
4 410 356 359 184 
4 408 348 351 178 
4 403 345 350 168 
4 400 339 329 164 
4 399 334 327 160 
4 397 320 307 143 
4 391 287 304 139 
4 387 284 292 124 
4 384 279 283 117 
4 376 267 273 87 
4 375 264 272 81 
4 372 255 271 76 
4 371 249 254 59 
4 369 246 250 57 
4 368 245 236 40 
4 364 237 235 37 
4 362 231 233 27 
4 360 230 229 20 
4 358 226 224 15 
4 352 221 219 490 
4 347 210 182 476 
4 341 208 180 469 
4 337 207 166 429 
4 336 205 151 428 
4 333 200 149 418 
4 332 199 148 412 
4 331 194 146 383 
4 330 192 114 355 
4 326 191 110 340 
4 324 189 103 316 
4 322 187 95 313 
4 319 171 94 282 
4 315 150 91 281 
4 311 144 70 275 
4 310 138 50 274 
4 306 128 45 270 
3 301 123 26 
3 300 121 13 
3 299 113 3 
3 298 112 266 
3 294 111 232 
3 286 109 228 
3 278 107 218 
3 277 106 183 
3 276 96 177 
3 269 90 161 
3 268 84 159 
3 263 83 136 
3 261 72 135 
3 260 68 131 
3 258 64 130 
3 256 63 118 
3 252 61 116 
3 242 60 80 
3 240 55 77 
3 234 51 25 
3 217 48 4 
3 215 38 491 
3 214 34 487 
3 213 31 478 
3 212 19 430 
3 203 16 404 
3 201 10 393 
3 197 6 386 
3 196 2 363 
3 195 325 496 
3 193 308 472 
3 190 302 470 
3 188 296 465 
3 186 291 460 
3 181 289 395 
3 176 259 374 
3 175 211 343 
3 172 209 335 
3 170 206 323 
3 167 185 314 
3 165 153 285 
3 163 137 280 
3 162 132 262 
3 158 125 257 
3 157 119 238 
3 156 100 225 
3 155 98 198 
3 154 88 169 
3 147 69 126 
3 141 67 115 
3 140 62 85 
3 134 56 79 
3 129 32 78 
3 120 44 489 
3 108 41 483 
3 105 39 456 
3 104 435 466 
3 102 406 440 
3 101 392 413 
3 99 366 398 
2 97 328 
2 93 248 
2 92 244 
2 89 227 
2 86 223 
2 73 222 
2 71 174 
2 66 152 
2 65 127 
2 54 122 
2 52 82 
2 47 75 
2 46 58 
2 36 53 
2 35 43 
2 33 42 
2 28 29 
2 24 9 
2 23 349 
2 22 321 
2 21 295 
2 18 290 
2 17 243 
2 14 239 
2 12 220 
2 11 216 
2 8 179 
2 7 145 
2 5 133 
2 1 49 
2 0 30 
