1628
4 9602 9988 9885 9921 
4 9578 9985 9730 9876 
4 9475 9769 9689 9851 
4 9357 9741 9583 9600 
4 9059 9691 9529 9527 
4 8952 9644 9425 9283 
4 8532 9629 9398 9247 
4 8200 9555 9182 9197 
4 8139 9451 9161 9129 
4 8125 9405 9122 9065 
4 8056 9367 8731 9009 
4 7939 9307 8667 8839 
4 7870 8947 8601 8621 
4 7799 8889 8212 8537 
4 7736 8874 8168 8435 
4 7715 8702 8148 8004 
4 7686 8684 8119 7322 
4 7671 8632 7953 7273 
4 7509 8578 7936 7178 
4 7493 8522 7929 7168 
4 7439 8058 7881 7130 
4 7419 7923 7841 6988 
4 7363 7863 7825 6842 
4 7296 7853 7820 6769 
4 7294 7813 7664 6602 
4 7285 7780 7644 6524 
4 7167 7569 7614 6370 
4 7149 7567 7423 6340 
4 7118 7543 7332 6300 
4 7091 7515 7330 6220 
4 7037 7436 7278 6054 
4 6976 7155 7153 5854 
4 6917 7047 7090 5833 
4 6854 7010 6965 5702 
4 6772 6990 6680 5563 
4 6691 6973 6471 5528 
4 6685 6913 6463 5516 
4 6604 6744 6311 5434 
4 6443 6699 6233 5361 
4 6415 6668 6215 5231 
4 6258 6545 6123 5196 
4 6010 6324 5989 5172 
4 5982 6240 5744 5164 
4 5782 6003 5544 5043 
4 5593 5824 5494 4976 
4 5033 5730 5469 4906 
4 4977 5728 5332 4861 
4 4867 5526 5218 4838 
4 4775 5330 5121 4699 
4 4742 5285 4992 4308 
4 4644 5052 4860 4100 
4 4604 4786 4823 3892 
4 4403 4480 4810 3840 
4 4402 4449 4788 3791 
4 4287 4340 4783 3745 
4 4244 4058 4720 3566 
4 4066 3940 4711 3553 
4 4047 3555 4709 3523 
4 3848 3540 4369 3518 
4 3765 3473 4194 3516 
4 3728 3127 4030 3510 
4 3698 2862 3949 3155 
4 3665 2658 3870 3136 
4 3607 2652 3834 3112 
4 3457 2575 3825 3006 
4 3337 2531 3756 2814 
4 3196 2420 3278 2686 
4 3144 2400 3253 2605 
4 2924 2222 3120 2558 
4 2490 2210 3089 2399 
4 2464 2141 2952 2221 
4 2416 2137 2874 2196 
4 2351 2117 2843 2159 
4 2329 2066 2806 2059 
4 2259 1833 2612 2030 
4 2215 1723 2555 1943 
4 2212 1694 2458 1737 
4 2205 1529 2167 1649 
4 2188 1481 2144 1561 
4 2175 1474 2060 1491 
4 2051 1388 1936 1475 
4 2045 1259 1821 1415 
4 2025 1248 1820 1403 
4 1866 1027 1704 1211 
4 1650 948 1632 998 
4 1575 745 1618 922 
4 1494 674 1615 798 
4 1337 534 1522 643 
4 1296 532 1459 589 
4 1253 446 1426 562 
4 1166 336 1335 461 
4 990 30 1322 458 
4 795 1134 188 9961 
4 752 1115 186 9727 
4 597 1015 111 9614 
4 398 940 56 9612 
4 253 835 9260 9813 
4 213 825 9248 9736 
4 611 9220 9696 9795 
4 593 9166 9604 9649 
4 482 9149 9374 9620 
4 421 9092 9204 9605 
4 221 9057 9105 9337 
4 9004 8401 9333 9995 
4 8895 8166 9328 9761 
4 8837 8138 8918 9552 
4 8824 8038 8891 9534 
4 8784 7890 8818 9443 
4 8771 7733 8683 9325 
4 8615 7677 8426 9060 
4 8610 7655 8339 8995 
4 8565 7489 8183 8967 
4 8320 7444 8153 8721 
4 8250 7413 7969 8393 
4 8240 7395 7882 8384 
4 8084 7116 7843 8322 
4 7998 7042 7704 8085 
4 7960 6844 7536 8032 
4 7954 6747 7367 7966 
4 7899 6613 7318 7648 
4 7828 6459 7187 7483 
4 7819 6451 7152 7464 
4 7559 6409 7008 6757 
4 7415 6381 6655 6595 
4 7145 6255 6640 6492 
4 7060 6228 6630 5981 
4 6938 5998 6517 5835 
4 6444 5758 6466 5796 
4 6364 5721 6202 5574 
4 6256 5674 6121 5515 
4 6058 5556 6090 5487 
4 6002 5419 5893 5427 
4 5948 5416 5313 5229 
4 5925 5262 5274 4916 
4 5812 5182 5146 4902 
4 5635 5141 5042 4806 
4 5631 5094 4933 4708 
4 5540 5048 4914 4611 
4 5422 5010 4883 4524 
4 5418 4865 4818 4496 
4 5378 4848 4646 4405 
4 5343 4837 4634 4352 
4 5278 4833 4579 4331 
4 5225 4801 4439 4318 
4 5119 4663 4430 4307 
4 5049 4655 4390 4143 
4 5024 4538 4356 4135 
4 4983 4409 4284 4088 
4 4964 4386 3990 4004 
4 4843 4285 3891 3933 
4 4752 4175 3795 3814 
4 4415 3770 3780 3808 
4 4373 3692 3775 3769 
4 4286 3629 3557 3618 
4 4102 3581 3544 3547 
4 4050 3508 3442 3402 
4 4026 3451 3381 3370 
4 3904 3080 3344 3295 
4 3853 3076 3063 3141 
4 3747 2941 3060 2647 
4 3519 2712 2994 2556 
4 3283 2481 2812 2489 
4 3273 2469 2783 2199 
4 3188 2307 2731 2136 
4 3142 2305 2727 1847 
4 3092 2191 2702 1668 
4 3068 2096 2656 1667 
4 2977 1996 2584 1505 
4 2798 1928 2537 1071 
4 2747 1808 2495 999 
4 2725 1781 2486 873 
4 2707 1541 2331 847 
4 2705 1364 2102 820 
4 2573 1357 2072 756 
4 2572 1235 1970 604 
4 2560 1172 1917 603 
4 2375 923 1853 520 
4 2165 916 1743 443 
4 2127 912 1679 199 
4 2108 890 1671 197 
4 2089 778 1581 70 
4 1812 630 1568 9907 
4 1576 530 1508 9823 
4 1514 381 1396 9819 
4 1418 370 1297 9818 
4 1383 296 1283 9784 
4 1287 1208 9765 9906 
4 1222 1160 9631 9882 
4 1119 1031 9618 9879 
4 1081 939 9525 9694 
4 797 881 9482 9626 
4 673 828 9397 9433 
4 619 727 9289 9431 
4 565 636 9210 9407 
4 432 505 9143 9354 
4 395 281 9121 9213 
4 371 278 8870 9140 
4 313 8682 8963 9713 
4 275 8472 8900 9601 
4 206 8437 8865 9345 
4 63 8355 8744 9341 
4 8258 8726 9245 9695 
4 8220 8701 9217 9661 
4 8198 8651 9048 9524 
4 8193 8640 9046 9165 
4 8189 8626 9008 9128 
4 8115 8618 8997 8614 
4 8027 8529 8977 8602 
4 7950 8318 8815 8525 
4 7938 8079 8470 8518 
4 7666 8034 8412 8478 
4 7556 8028 8397 8373 
4 7516 7922 7961 8353 
4 7432 7768 7823 8299 
4 7400 7755 7667 8101 
4 7290 7751 7629 8037 
4 7262 7624 7579 7697 
4 7229 7434 7368 7551 
4 7148 7425 7307 7529 
4 7117 7194 7223 7201 
4 7026 7186 7163 7129 
4 6774 7043 7105 7088 
4 6733 6989 7071 6701 
4 6556 6942 6823 6648 
4 6328 6862 6805 6635 
4 6320 6860 6623 6632 
4 6306 6584 6396 6579 
4 6195 6549 6358 6565 
4 6153 6426 6110 6536 
4 6118 6206 5536 6498 
4 6085 6186 5451 6198 
4 5902 6145 5403 6038 
4 5625 5924 5209 5941 
4 5583 5913 5203 5862 
4 5548 5609 5134 5856 
4 5295 5606 5108 5724 
4 5185 5596 5093 5570 
4 5082 5547 4982 5529 
4 4894 5513 4876 5488 
4 4796 5151 4839 5357 
4 4684 5045 4774 5236 
4 4495 5019 4770 5145 
4 4473 4985 4710 4979 
4 4381 4951 4514 4871 
4 4202 4844 4279 4617 
4 4079 4637 4258 4558 
4 3890 4596 4037 4546 
4 3879 4555 3903 4376 
4 3757 4442 3727 4090 
4 3718 4298 3678 3941 
4 3546 4150 3561 3926 
4 3496 3963 3503 3828 
4 3453 3902 3352 3730 
4 3420 3899 3103 3586 
4 3376 3889 2951 3570 
4 3228 3749 2875 3458 
4 3026 3620 2668 3310 
4 2592 3511 2548 3212 
4 2538 3219 2376 3209 
4 2475 3137 2342 3108 
4 2390 2968 2323 3062 
4 2020 2749 2313 3038 
4 1729 2741 2309 3004 
4 1673 2728 2123 2927 
4 1382 2723 1983 2776 
4 1369 2433 1976 2746 
4 1114 2269 1955 2589 
4 953 2007 1942 2488 
4 915 1984 1036 2381 
4 767 1912 602 2112 
4 709 1825 335 1724 
4 529 1535 257 1591 
4 328 1534 208 1510 
4 290 1266 200 1427 
4 216 1167 85 1386 
4 214 1116 1344 9891 
4 1087 1336 9331 9958 
4 1050 1099 9243 9828 
4 962 1034 9162 9796 
4 902 684 9089 9719 
4 900 661 8877 9532 
4 859 430 8864 9437 
4 717 191 8861 9222 
4 511 172 8673 9145 
4 252 57 8658 8406 
4 169 8643 8287 9996 
4 59 8641 8284 9986 
4 44 8009 8110 9922 
4 9 7991 7898 9887 
4 7372 7681 9735 9971 
4 7359 7540 9611 9838 
4 7333 7196 9596 9615 
4 7124 7121 9576 9095 
4 7098 7095 9468 8990 
4 7065 6994 9445 8732 
4 7064 6959 9344 8487 
4 6956 6899 9078 8380 
4 6738 6845 8945 8369 
4 6693 6659 8832 8332 
4 6534 6611 8816 8214 
4 6457 6590 8750 8197 
4 6274 6453 8535 8067 
4 6226 6452 8485 7761 
4 6119 6389 8395 7581 
4 6024 6339 8392 7564 
4 5993 6316 8321 7139 
4 5943 6208 7494 6964 
4 5883 6197 7480 6676 
4 5714 6107 7369 6351 
4 5671 6022 7320 6294 
4 5482 6012 7214 6046 
4 5189 5983 7059 5980 
4 5077 5970 6577 5829 
4 4890 5800 6487 5580 
4 4887 5729 6398 5550 
4 4790 5531 6373 5276 
4 4690 5199 6329 5255 
4 4671 4999 6227 4963 
4 4059 4717 6199 4578 
4 4044 4704 5844 4572 
4 3860 4702 5776 4328 
4 3636 4691 5773 4112 
4 3482 4664 5399 3746 
4 3463 4398 5356 3647 
4 3445 4351 5267 3321 
4 3173 4215 5106 3279 
4 3015 4200 5101 3134 
4 2930 4185 5028 3048 
4 2879 4176 4994 3024 
4 2781 3741 4942 2891 
4 2762 3563 4859 2867 
4 2711 3536 4731 2786 
4 2586 3367 4669 2674 
4 2546 3357 4662 2633 
4 2389 3239 4628 2498 
4 2320 3170 4613 2480 
4 2308 2544 4527 2407 
4 2254 2267 4498 2310 
4 2125 1763 4278 2293 
4 2095 1735 4097 2124 
4 2061 1639 4021 2094 
4 1861 1584 3987 2077 
4 1701 1416 3928 2019 
4 1595 1385 3830 1856 
4 1569 1060 3748 1801 
4 1430 1054 3522 818 
4 1422 878 3012 773 
4 1226 876 2963 683 
4 1122 875 2937 649 
4 793 854 2598 535 
4 771 737 2514 450 
4 512 726 2499 309 
4 465 678 2300 132 
4 451 608 2173 83 
4 419 120 2170 3 
4 160 79 1963 9984 
4 147 1952 9855 9900 
4 58 1876 9779 9816 
4 1818 9690 9767 9717 
4 1292 9667 9549 9637 
4 1074 9616 9131 9553 
4 933 9550 8689 9385 
4 836 9542 8516 9302 
4 787 9483 8499 9299 
4 766 9314 8456 9250 
4 757 9275 8387 9036 
4 382 9037 8342 8972 
4 217 8988 8239 8964 
4 61 8577 8116 8449 
4 45 8338 7988 8196 
4 8215 7927 8061 9617 
4 8163 7864 8008 9449 
4 8152 7683 7880 9365 
4 7975 7549 7850 9361 
4 7824 7525 7834 9336 
4 7700 7394 7608 8991 
4 7313 7391 7577 8957 
4 7136 7238 7083 8943 
4 6927 7104 6866 8931 
4 6826 7101 6770 8879 
4 6735 7019 6762 8712 
4 6673 6634 6741 7993 
4 6605 6592 6603 7851 
4 6531 6529 6522 7798 
4 6501 6404 6368 7475 
4 6482 6289 6230 7459 
4 6387 6273 6087 7385 
4 6353 6168 5905 7384 
4 6331 5991 5904 7166 
4 6052 5683 5859 7165 
4 6050 5523 5772 6703 
4 6029 5118 5707 6541 
4 6028 4935 5651 6467 
4 5962 4642 5628 6342 
4 5323 4363 5602 6188 
4 4904 4246 5579 6176 
4 4638 4000 5514 6112 
4 4621 3966 5352 5903 
4 4551 3885 5217 5777 
4 4522 3882 5156 5710 
4 4488 3802 5086 5364 
4 4465 3760 4840 5160 
4 4290 3697 4640 4689 
4 4076 3558 4469 3997 
4 4025 3389 4357 3813 
4 3894 2920 3281 3677 
4 3844 2881 3135 3469 
4 3632 2841 3057 3226 
4 3578 2797 3022 3145 
4 3573 2628 2715 2956 
4 3272 2459 2645 2910 
4 3042 2402 2619 2510 
4 2939 2371 2330 2422 
4 2935 2065 2194 2373 
4 2801 1884 2080 2345 
4 2759 1750 2009 2278 
4 2736 1711 1843 1819 
4 2676 1705 1556 1799 
4 2533 1606 1484 1614 
4 2456 1497 1203 1445 
4 2050 1483 1096 1437 
4 2023 1466 1049 1001 
4 2016 1103 864 949 
4 1979 995 735 586 
4 1932 656 654 321 
4 1764 513 527 282 
4 1289 472 369 258 
4 1272 338 96 97 
4 1209 316 49 9980 
4 926 256 9871 9944 
4 689 157 9853 9732 
4 645 139 9500 9699 
4 390 82 9487 9594 
4 194 10 9413 8785 
4 71 9350 8776 9505 
4 11 9196 8775 9488 
4 8968 8671 9340 9950 
4 8585 8625 9185 9861 
4 8489 8171 9175 9858 
4 8476 8109 8961 9456 
4 8086 7818 8907 9426 
4 7884 7710 8848 9342 
4 7770 7144 8553 9274 
4 7583 7094 8519 9096 
4 7550 6839 8498 9019 
4 7447 6715 8314 8593 
4 7176 6694 8263 8328 
4 7100 6266 8233 8199 
4 7093 6031 8097 7796 
4 6981 5838 8035 7773 
4 6580 5791 7982 7693 
4 6334 5460 7945 7513 
4 6201 5191 7734 7258 
4 6169 4675 6843 7150 
4 6149 4490 6484 7127 
4 6048 3794 6120 6958 
4 5931 3744 6023 6432 
4 5720 3672 5879 6332 
4 5168 3579 5718 5771 
4 5085 3513 5592 5688 
4 4696 3501 5567 5611 
4 4694 3499 5207 5254 
4 4670 3498 5129 5214 
4 4082 3449 4975 5211 
4 3924 3353 4746 5197 
4 3715 3114 4668 4695 
4 3560 3078 4434 4672 
4 3527 3021 4325 4565 
4 3505 2842 4147 4414 
4 3096 2295 4096 4406 
4 2817 2236 3842 4371 
4 2799 2207 3595 4226 
4 2588 2055 3425 3968 
4 2518 1965 3343 3788 
4 2358 1677 3227 3517 
4 2252 1669 2959 3515 
4 2202 1353 2944 3373 
4 2183 1332 2929 3167 
4 2115 1100 2887 2970 
4 1523 1097 2803 2870 
4 1509 1073 2752 2694 
4 1214 988 2734 2692 
4 1043 883 2577 2632 
4 863 868 2357 2395 
4 794 845 2344 2157 
4 396 431 2246 2064 
4 307 2233 1971 9914 
4 2106 1867 9797 9933 
4 2035 1852 9742 9902 
4 1778 1734 9561 9711 
4 1712 1270 9528 9255 
4 1658 1192 9464 9183 
4 1401 1190 8835 9087 
4 1252 1111 8740 8569 
4 675 968 8722 8219 
4 583 901 8608 7972 
4 204 867 8461 7759 
4 22 850 8376 7319 
4 468 8311 7222 9894 
4 293 8290 6885 9745 
4 8286 6870 9651 9932 
4 8143 6834 9548 9663 
4 7984 6742 9530 9606 
4 7557 6631 9338 9573 
4 7539 6421 9271 9489 
4 7479 6160 9151 9305 
4 7427 6079 8834 9174 
4 7314 6040 8828 8793 
4 7286 5741 8714 8729 
4 7097 5690 8638 8644 
4 7041 5622 8560 8297 
4 7032 5446 8534 8259 
4 7015 5430 8325 8129 
4 6760 5428 8302 8073 
4 6511 4847 8040 8047 
4 6377 4339 7778 7994 
4 6049 4314 7692 7696 
4 5864 4228 7596 7521 
4 5840 4167 7595 7305 
4 5542 3824 7526 7272 
4 5174 3644 7510 6985 
4 5047 3074 7354 6636 
4 4523 2964 7347 6574 
4 4188 2718 7308 6508 
4 4093 2228 6905 6395 
4 3883 2206 6833 6272 
4 3369 2162 6547 6171 
4 3356 2149 6476 6170 
4 3329 1839 6407 6141 
4 3257 1754 6366 6102 
4 2999 1570 6285 5652 
4 2642 1288 6205 5342 
4 2634 987 6151 5161 
4 2343 681 6129 4997 
4 2264 522 6016 4705 
4 1787 348 6005 4679 
4 1619 143 5915 4491 
4 1492 47 5850 4478 
4 1451 37 5713 4392 
4 1273 5461 4361 9931 
4 1264 5379 4334 9888 
4 1238 5253 4323 9772 
4 1136 4980 4074 9585 
4 1004 4727 4036 9447 
4 976 4619 3793 9429 
4 801 4574 3549 9382 
4 628 4571 3379 9263 
4 521 4447 3178 9181 
4 359 4131 2987 8966 
4 124 4098 2536 8465 
4 64 3736 2492 8145 
4 3567 2424 7921 9959 
4 3533 2282 7913 9698 
4 3480 1904 7900 9632 
4 3323 1846 7752 9546 
4 3315 1788 7524 9453 
4 3309 1751 7507 9267 
4 3058 1436 7490 9201 
4 2931 1321 6992 9193 
4 2883 1181 6848 8854 
4 2773 1023 6720 8677 
4 2769 891 6702 8650 
4 1980 885 6616 8523 
4 1908 714 6095 8479 
4 1690 691 6042 8473 
4 1678 607 5918 8413 
4 1607 323 5832 8244 
4 1316 264 5553 8165 
4 1140 5166 7944 9993 
4 1128 5099 7757 9948 
4 938 5061 7530 9942 
4 919 4957 7417 9659 
4 268 4922 7356 9569 
4 229 4808 7211 9471 
4 218 4792 7108 9462 
4 4650 6828 9383 9359 
4 4592 6812 9348 9227 
4 4297 6660 9003 9119 
4 4291 6638 8873 8797 
4 3965 6540 8866 8655 
4 3942 6417 8811 8346 
4 3901 6076 8767 7498 
4 3564 5901 8707 7344 
4 3542 5801 8665 7142 
4 3475 5324 8607 7073 
3 3275 5308 8276 
3 3055 5260 8176 
3 3027 4375 7946 
3 2839 4187 7833 
3 2525 4123 7731 
3 2085 3763 7602 
3 2068 3492 7198 
3 1956 3347 7078 
3 1857 3338 6850 
3 1814 3211 6777 
3 1774 3176 6661 
3 1707 2953 5994 
3 1698 2829 5986 
3 1429 2691 5906 
3 1412 2620 5860 
3 1305 2453 5660 
3 1233 2410 5549 
3 1094 2155 5366 
3 997 2138 5363 
3 648 2081 5136 
3 464 1831 4817 
3 439 1708 4678 
3 383 1611 4320 
3 280 1552 4006 
3 2 1179 3980 
3 28 3973 6941 
3 20 3888 6886 
3 6 3707 6849 
3 3681 6782 9687 
3 3587 6662 9584 
3 3313 6576 8923 
3 3271 6550 8919 
3 3224 6259 8779 
3 2873 6253 8636 
3 2730 5751 8477 
3 2563 5722 8231 
3 2359 5496 7703 
3 1953 5429 7605 
3 1897 5365 7147 
3 1865 5133 6814 
3 1423 5001 6803 
3 1348 4661 6761 
3 1013 4365 6743 
3 954 4139 6578 
3 936 4091 6569 
3 668 4089 6313 
3 657 3945 6218 
3 409 3798 6051 
3 3662 6017 9806 
3 3541 5972 9571 
3 3431 5891 9562 
3 3362 5551 9200 
3 3107 5152 9106 
3 3072 5096 8778 
3 2713 4940 8543 
3 2527 4856 8539 
3 2442 4811 8425 
3 2272 4807 8044 
3 2161 4692 7977 
3 2036 4641 7809 
3 1713 4636 7760 
3 1594 4631 7743 
3 1587 4370 7647 
3 1381 4322 6932 
3 1298 4043 6730 
3 1281 3935 6649 
3 1064 3887 6641 
3 666 3884 6323 
3 298 3832 5872 
3 263 3216 5785 
3 113 3214 5770 
3 0 3059 5654 
3 2949 5239 9559 
3 2922 5219 9545 
3 2912 5150 9375 
3 2550 5040 9238 
3 2129 4863 8986 
3 1994 4635 8930 
3 1985 4138 8715 
3 1809 3626 8509 
3 1806 3583 7980 
3 1786 2689 7821 
3 1683 2523 7554 
3 1589 2506 7484 
3 1110 1883 7253 
3 1086 1756 7046 
3 1002 1732 6953 
3 729 1656 6857 
3 153 1461 6780 
3 150 1400 6678 
3 133 1374 6629 
3 27 829 6596 
3 13 384 6361 
3 364 6232 9791 
3 202 6193 9703 
3 179 5853 9241 
3 65 5779 9158 
3 16 5640 9153 
3 5566 9114 9917 
3 5279 8897 9868 
3 5171 8766 9814 
3 5035 8762 9751 
3 4771 8001 9749 
3 4599 7983 9676 
3 4333 7218 9608 
3 4190 6337 9401 
3 4106 6189 9195 
3 4034 6135 9044 
3 3471 5966 8876 
3 3153 5665 8827 
3 2716 5616 8754 
3 2672 5478 8748 
3 2346 5272 8506 
3 2312 5183 8348 
3 2304 4874 8236 
3 1969 4385 7943 
3 1822 4206 7934 
3 1796 4064 7907 
3 1742 3983 7903 
3 1378 3752 7669 
3 1101 3664 7463 
3 856 2932 7389 
3 732 2905 7361 
3 706 2687 7340 
3 568 2274 7204 
3 414 2237 6350 
3 385 2133 6246 
3 373 2116 6229 
3 372 2010 6082 
3 103 1830 6063 
3 34 1609 5362 
3 1250 5341 9962 
3 1000 5227 9913 
3 723 5200 9568 
3 489 4981 9010 
3 456 4948 8932 
3 4946 8809 9692 
3 4857 8808 9538 
3 4758 8063 9380 
3 4713 7206 9376 
3 4235 7140 8845 
3 4230 7079 8659 
3 4016 6904 8410 
3 3961 6674 8267 
3 3673 6544 8248 
3 2861 6277 8167 
3 2470 6126 8114 
3 2334 5558 7756 
3 2268 5170 7735 
3 2143 5018 7592 
3 1538 4973 7565 
3 1533 4949 7561 
3 1377 4947 7018 
3 1154 4917 6620 
3 1117 4886 6507 
3 1058 4474 6420 
3 858 4419 6384 
3 639 4095 6363 
3 614 3969 6260 
3 613 3845 6111 
3 180 3817 6018 
3 105 3590 5823 
3 3582 5637 9803 
3 3334 5412 9716 
3 2432 5382 9603 
3 2431 5249 9346 
3 2265 4549 8978 
3 2243 4283 8883 
3 2234 4108 8849 
3 2220 4046 8752 
3 1810 4011 8591 
3 1740 3857 8407 
3 1652 3799 8222 
3 1199 3792 8080 
3 1180 3675 8010 
3 480 3409 7777 
3 467 3308 7668 
3 402 3299 7626 
3 195 3124 7210 
3 177 2706 7192 
3 164 2660 6952 
3 31 2545 6881 
3 2540 6840 9946 
3 2437 6581 9927 
3 2337 6192 9903 
3 1989 6179 9896 
3 1930 6148 9875 
3 1851 5849 9457 
3 1718 5518 9366 
3 1626 5492 9324 
3 1571 5281 9157 
3 1485 5083 9154 
3 1254 4990 9135 
3 1164 4400 8950 
3 1129 4233 8940 
3 1045 4057 8603 
3 947 3132 8468 
3 894 2957 8210 
3 791 2726 7789 
3 676 1987 7685 
3 311 1923 7382 
3 201 1840 7212 
3 1489 6748 9968 
3 1183 6705 9965 
3 620 6586 9173 
3 308 6571 8981 
3 137 6144 8929 
3 123 5896 8875 
3 5889 8568 9833 
3 5836 8036 9754 
3 5658 7862 9679 
3 5443 7612 9518 
3 5377 7316 9434 
3 4943 6617 9419 
3 4600 6509 9159 
3 4489 6473 8697 
3 3975 6297 8563 
3 3777 6252 8026 
3 3691 5985 7872 
3 3407 5794 7248 
3 3147 5786 6963 
3 3099 5739 6935 
3 3087 5310 6681 
3 2772 4953 6288 
3 2044 4925 5916 
3 1973 4907 5852 
3 1946 4685 5371 
3 1524 4557 5245 
3 1421 4354 5208 
3 1279 4198 5046 
3 1249 3954 5014 
3 1118 3846 5011 
3 889 3466 4486 
3 741 3437 4384 
3 148 3106 4337 
3 2921 4336 9577 
3 2811 4293 9539 
3 2398 4267 9523 
3 2382 4197 9370 
3 2193 4184 9063 
3 1870 3972 8911 
3 1848 3947 8737 
3 1550 3939 8652 
3 1546 3895 8554 
3 1530 3526 8453 
3 1476 3276 8186 
3 1393 2671 7522 
3 1127 2627 7357 
3 594 2385 7231 
3 230 2185 6852 
3 227 2160 6827 
3 1888 5732 9929 
3 1691 4928 9446 
3 1684 4517 9390 
3 1590 3896 9124 
3 1582 3039 9027 
3 1078 2907 8994 
3 1061 2754 8814 
3 973 2005 8550 
3 931 1998 7792 
3 526 1341 7722 
3 413 1093 7684 
3 242 634 7555 
3 224 483 7346 
3 38 426 7276 
3 361 7267 9981 
3 342 7175 9384 
3 277 6967 9254 
3 190 6817 9223 
3 183 6614 9011 
3 62 6519 8980 
3 6359 8434 9973 
3 6312 8094 9964 
3 5979 8081 9775 
3 5881 7981 9256 
3 5561 7916 9214 
3 5394 7740 9137 
3 5351 7500 9023 
3 5327 7336 8804 
3 5163 7279 8394 
3 4961 7266 8216 
3 4905 6454 7978 
3 4880 6093 7716 
3 4397 5697 7654 
3 4262 5559 7410 
3 4205 5387 7215 
3 3994 4289 7109 
3 3750 4060 7058 
3 3240 3689 6582 
3 2629 3610 6497 
3 2277 3199 5995 
3 1836 3052 5950 
3 1777 2996 5873 
3 1399 2990 5869 
3 886 2794 5733 
3 781 2535 5700 
3 740 1767 5376 
3 660 1616 5127 
3 251 1601 5006 
3 7 1539 4529 
3 4 1433 4196 
3 1347 4104 9781 
3 1120 3932 9747 
3 1067 3306 9298 
3 1047 3118 8842 
3 622 2565 8713 
3 574 2339 8642 
3 573 2201 8505 
3 556 1800 7713 
3 485 1638 7542 
3 358 1511 7074 
3 304 1358 6971 
3 173 1243 6804 
3 170 1232 6698 
3 18 478 6224 
3 365 6064 9804 
3 238 5668 9301 
3 24 4899 9269 
3 4884 9198 9613 
3 4724 9179 9556 
3 4251 9111 9035 
3 4128 8597 8925 
3 4031 8530 8617 
3 3958 8371 8433 
3 3639 8132 8241 
3 3208 8014 7622 
3 3031 7879 7246 
3 2859 7827 7081 
3 2582 7547 7022 
3 2483 7401 6280 
3 2467 7257 6248 
3 2466 7221 5404 
3 2452 7162 5148 
3 1961 7151 4532 
3 1864 6708 4438 
3 1765 6460 4274 
3 1681 6127 3905 
3 1351 6097 3628 
3 946 5919 3580 
3 642 5817 3179 
3 626 5581 3158 
3 355 5090 3011 
3 4967 2471 9873 
3 4452 2368 9726 
3 4292 2260 9599 
3 4232 2227 9491 
3 4174 2186 9244 
3 4092 1978 9170 
3 4001 1901 8548 
3 3956 1815 8316 
3 3944 1220 8257 
3 3893 1202 7964 
3 3686 975 7814 
3 3651 559 7478 
3 3484 463 7174 
3 3202 378 6639 
3 2926 345 6568 
3 2795 145 6495 
3 2701 6287 9945 
3 2690 6074 9925 
3 2602 5653 9905 
3 2372 5407 9086 
3 2152 4773 9042 
3 2058 4467 9032 
3 1886 4425 9002 
3 1714 4078 8965 
3 1697 3922 8742 
3 1672 3822 7925 
3 1608 3467 7839 
3 1572 3263 7688 
3 1516 2903 7250 
3 1056 2657 7200 
3 487 2232 7123 
3 95 1882 6925 
3 60 1148 6815 
3 1146 6645 9748 
3 441 6239 9643 
3 300 6209 9459 
3 174 5863 9221 
3 146 5464 9029 
3 89 5299 9024 
3 5293 8908 9935 
3 5261 8858 9722 
3 5030 8710 8956 
3 4667 8561 8238 
3 4550 7875 8159 
3 4355 7412 7859 
3 4149 7342 7726 
3 3827 6763 6889 
3 3615 6644 6352 
3 3375 6365 5504 
3 3351 6345 5466 
3 3266 6231 5017 
3 3248 6156 4740 
3 3218 5897 4559 
3 3041 5621 4440 
3 2693 5589 4155 
3 2409 5346 3914 
3 2230 5251 3875 
3 1934 5107 3497 
3 1894 4965 3146 
3 1858 4875 3140 
3 1610 4255 2982 
3 1311 3920 2954 
3 1258 3486 2877 
3 1197 3243 2497 
3 1152 2899 2476 
3 992 2708 2219 
3 453 2517 2110 
3 2485 2109 9810 
3 1703 2099 9734 
3 1479 1409 9402 
3 1346 1230 9309 
3 896 1196 9146 
3 121 1029 8996 
3 1021 8676 9610 
3 921 8541 9356 
3 906 8447 9224 
3 833 8195 8851 
3 796 8136 8773 
3 554 7741 8431 
3 260 7315 8213 
3 55 7159 8190 
3 7135 8164 9844 
3 7102 8134 9394 
3 6847 8043 9123 
3 6754 7570 9022 
3 6721 7099 8696 
3 6450 7033 8639 
3 6321 6962 8452 
3 6317 6957 8436 
3 6104 6914 8363 
3 5909 6713 8251 
3 5691 5917 8024 
3 5676 5257 7962 
3 5391 5100 7951 
3 4820 5032 7764 
3 4688 4260 7674 
3 4062 3839 7528 
3 4007 3656 7220 
3 3985 3340 7110 
3 3978 3261 6514 
3 3293 3242 6264 
3 3037 3221 6131 
3 3029 2809 5886 
3 2579 2722 5370 
3 2101 1877 5360 
3 2006 1768 5213 
3 1744 1549 5140 
3 1564 1218 5051 
3 1480 1168 4506 
3 834 986 3708 
3 764 760 3574 
3 644 303 3485 
3 579 193 2364 
3 171 1975 9912 
3 1916 9662 9724 
3 1878 9368 9636 
3 1452 9303 9609 
3 1090 9236 8898 
3 970 9171 8823 
3 950 8678 8438 
3 846 8305 8374 
3 809 7902 7894 
3 332 7050 7409 
3 245 5882 6945 
3 5845 6794 9712 
3 5503 6752 9710 
3 5457 6307 9551 
3 5321 5942 9235 
3 5113 5644 8819 
3 4845 5495 8592 
3 4501 5355 7937 
3 4487 5331 6806 
3 4470 4891 6284 
3 4437 4764 6150 
3 3259 4747 6044 
3 3189 4583 5705 
3 3126 4171 5125 
3 2980 3680 4959 
3 2462 3415 4738 
3 2291 3088 4327 
3 1951 3002 4248 
3 1700 2948 4099 
3 1512 2804 3878 
3 1504 2100 3693 
3 831 1331 3674 
3 305 1194 3619 
3 168 610 3534 
3 347 3439 8882 
3 322 3258 8581 
3 236 2810 8466 
3 2509 8158 9435 
3 2195 7963 9393 
3 2011 7856 9296 
3 1507 7639 8774 
3 1410 7025 8078 
3 1040 6892 7959 
3 697 6783 7835 
3 615 6136 7725 
3 510 5126 7502 
3 353 5080 7467 
3 232 4739 6756 
3 4736 6643 9941 
3 4134 6481 9812 
3 4063 6414 9102 
3 3238 6362 8915 
3 3150 6243 8880 
3 2856 6015 8440 
3 2831 5610 8432 
3 2828 4956 8264 
3 2805 4584 8155 
3 2779 4561 7920 
3 2468 4441 7310 
3 2335 4332 7252 
3 2213 4249 7057 
3 1528 3916 6480 
3 1012 3734 6472 
3 907 3717 6470 
3 844 3712 6448 
3 3424 6405 9978 
3 3082 5861 9770 
3 2928 5717 9543 
3 2819 5393 8382 
3 2813 5389 8253 
3 2699 5246 7801 
3 2418 4912 7545 
3 1037 4651 6764 
3 871 4410 6719 
3 730 3929 6609 
3 537 3869 6506 
3 447 3866 6301 
3 3410 6155 9869 
3 3095 6137 9787 
3 2890 6094 9484 
3 2664 5969 9448 
3 2595 5965 9265 
3 1874 5646 8803 
3 1642 5613 8681 
2 1231 5605 
2 1227 5600 
2 1106 5325 
2 315 5215 
2 178 5020 
2 4960 8526 
2 4766 8202 
2 4141 8151 
2 3913 6920 
2 3806 6830 
2 3302 6700 
2 2865 6468 
2 2766 6428 
2 2512 6296 
2 2043 6275 
2 924 5945 
2 302 5489 
2 187 5359 
2 106 4870 
2 4396 9439 
2 4269 9313 
2 3951 9138 
2 3768 8860 
2 3716 8738 
2 3593 8648 
2 3476 8142 
2 3223 8064 
2 3169 7730 
2 2947 7699 
2 2292 7643 
2 1471 6924 
2 898 6652 
2 669 6548 
2 437 6147 
2 5875 9884 
2 5538 9675 
2 5432 9526 
2 5059 9141 
2 5008 9043 
2 4926 9039 
2 4562 8430 
2 4537 7970 
2 4115 7896 
2 3371 7673 
2 3268 7662 
2 3213 7640 
2 2484 7491 
2 1625 7374 
2 1542 7157 
2 1525 5848 
2 1467 5793 
2 1376 5641 
2 1263 5471 
2 1084 5298 
2 977 5216 
2 848 4939 
2 742 4554 
2 407 4525 
2 301 4500 
2 162 4479 
2 4412 9520 
2 4222 8780 
2 4035 8725 
2 3917 8331 
2 2866 8206 
2 2562 8154 
2 2279 8021 
2 1066 7632 
2 1010 7259 
2 935 6825 
2 812 6798 
2 725 6060 
2 500 4932 
2 4516 9187 
2 4240 9000 
2 4116 8933 
2 3761 8745 
2 3608 8180 
2 2333 7518 
2 2190 6562 
2 2105 6134 
2 2008 6068 
2 1557 5198 
2 899 5081 
2 346 5056 
2 136 4952 
2 128 4484 
2 4105 9849 
2 3988 9091 
2 3833 8160 
2 3312 8006 
2 3262 7905 
2 2649 7758 
2 2513 7694 
2 2434 7443 
2 1464 7351 
2 1133 6998 
2 1068 6835 
2 839 5672 
2 415 5120 
2 151 4725 
2 110 4456 
2 4113 9975 
2 3531 9892 
2 3394 9778 
2 3201 9536 
2 2669 8749 
2 2585 8381 
2 1636 8375 
2 1563 7985 
2 1130 7955 
2 774 7861 
2 616 7727 
2 514 7377 
2 362 6787 
2 86 6196 
2 6101 9648 
2 5067 9281 
2 3685 8753 
2 3154 8555 
2 2505 8383 
2 2401 7724 
2 2303 7461 
2 2126 6829 
2 2033 6740 
2 1779 6670 
2 1372 6637 
2 937 6326 
2 810 6263 
2 457 4892 
2 235 4466 
2 4173 9883 
2 4144 9852 
2 3835 9017 
2 3506 8599 
2 3395 7739 
2 2884 7689 
2 2665 7274 
2 2052 7208 
2 1995 6923 
2 1553 6133 
2 1536 5959 
2 1498 5584 
2 1465 4955 
2 1328 4581 
2 982 3612 
2 241 3428 
2 159 1277 
2 958 9733 
2 908 9595 
2 887 9521 
2 652 9498 
2 9188 9192 
2 9163 9016 
2 8562 8998 
2 8418 8576 
2 8336 7652 
2 8150 7302 
2 7600 7170 
2 6724 7007 
2 6557 7002 
2 6479 6915 
2 6410 6797 
2 5951 6627 
2 4706 6546 
2 4502 6537 
2 4387 6203 
2 4221 6106 
2 4151 5926 
2 3710 5345 
2 3464 5284 
2 3149 4657 
2 2340 3785 
2 2070 3611 
2 1648 3129 
2 1488 3047 
2 1442 2594 
2 1359 2503 
2 750 2474 
2 576 2412 
2 269 2283 
2 2032 9895 
2 2000 9686 
2 1935 9519 
2 1907 9085 
2 1506 8807 
2 696 8442 
2 640 7812 
2 424 7024 
2 76 6731 
2 68 6445 
2 12 5266 
2 4750 9822 
2 4311 9807 
2 3602 8801 
2 3159 8692 
2 2423 8571 
2 2218 8524 
2 2148 8517 
2 1188 8277 
2 1053 7832 
2 961 7454 
2 719 7445 
2 716 6919 
2 702 6570 
2 401 6249 
2 392 6242 
2 287 5974 
2 272 5815 
2 5615 9588 
2 5573 9506 
2 5435 8637 
2 5177 8633 
2 5098 8463 
2 4923 8441 
2 4777 8071 
2 4626 7852 
2 4607 6890 
2 4483 6551 
2 2834 6185 
2 2561 5957 
2 2262 5939 
2 2098 5696 
2 1597 5375 
2 1435 5271 
2 5068 8388 
2 4052 8289 
2 3657 8247 
2 3452 8122 
2 3086 8031 
2 2508 8012 
2 2451 7611 
2 2093 7061 
2 1212 6478 
2 1098 5954 
2 507 5233 
2 394 5016 
2 379 4989 
2 4751 9974 
2 4630 9848 
2 4590 9799 
2 4504 9776 
2 4053 9582 
2 3873 9155 
2 3838 8663 
2 3801 8657 
2 3036 8341 
2 2946 8256 
2 2086 8177 
2 1725 6822 
2 1716 6786 
2 1339 6412 
2 1301 6244 
2 1062 6152 
2 590 6105 
2 545 5967 
2 292 5719 
2 115 5131 
2 5007 9999 
2 4879 9943 
2 4110 9721 
2 3246 9572 
2 3050 9246 
2 2782 9050 
2 2421 7876 
2 2120 7670 
2 1999 6672 
2 1469 6356 
2 1424 6161 
2 1200 6036 
2 1132 5686 
2 804 5663 
2 596 5545 
2 533 4910 
2 403 4659 
2 299 4521 
2 3422 8670 
2 3115 8235 
2 2724 8099 
2 2695 6727 
2 2377 6446 
2 2353 6108 
2 2324 6007 
2 2192 5964 
2 297 5756 
2 5530 9744 
2 5373 9514 
2 5240 9504 
2 4842 8751 
2 4712 8502 
2 4701 8123 
2 4109 6871 
2 3991 6697 
2 3411 6490 
2 3182 6180 
2 2419 5977 
2 2384 5657 
2 2002 5234 
2 1817 4834 
2 1685 4477 
2 1562 4163 
2 1334 3912 
2 1260 3695 
2 1155 3297 
2 955 2087 
2 951 1860 
2 849 1783 
2 788 1717 
2 1580 9977 
2 1527 9815 
2 895 9811 
2 9714 9920 
2 9478 9326 
2 9418 8298 
2 9410 7675 
2 9215 6436 
2 8734 6181 
2 7826 5633 
2 7512 5442 
2 7451 5287 
2 7085 4716 
2 6922 4217 
2 6656 3625 
2 5752 3184 
2 5727 3104 
2 5383 3046 
2 3292 3001 
2 3244 2837 
2 2735 2460 
2 2325 2406 
2 2250 1598 
2 222 1008 
2 759 9681 
2 687 9678 
2 646 9650 
2 425 8806 
2 393 7424 
2 184 7406 
2 51 5726 
2 4714 9966 
2 4622 9786 
2 3412 9768 
2 3174 9701 
2 3075 9486 
2 2962 9316 
2 2601 8733 
2 2326 8711 
2 1794 8661 
2 1558 8609 
2 1131 8398 
2 8025 8960 
2 7709 8674 
2 7476 8624 
2 7426 8340 
2 7365 8039 
2 7350 7103 
2 7179 7048 
2 6739 4754 
2 6726 4575 
2 6585 3993 
2 6573 3950 
2 6216 3658 
2 6059 3316 
2 5607 3265 
2 4548 3073 
2 4368 1798 
2 4164 1692 
2 4041 1204 
2 3773 1158 
2 3731 1109 
2 3703 917 
2 3339 776 
2 2988 477 
2 2858 114 
2 2818 9414 
2 2682 8926 
2 2146 8822 
2 2082 8549 
2 2047 7775 
2 1947 7753 
2 811 7719 
2 319 7620 
2 144 7003 
2 142 6319 
2 6178 9983 
2 6075 9752 
2 5819 9427 
2 5682 8934 
2 5286 8881 
2 4620 8777 
2 4552 8628 
2 3862 8556 
2 3432 8527 
2 3348 7558 
2 3028 7501 
2 2981 6704 
2 2974 6393 
2 2697 6354 
2 2549 6302 
2 2198 5807 
2 1895 5757 
2 1680 5244 
2 1239 4791 
2 1170 4518 
2 627 4148 
2 3809 9773 
2 3600 9580 
2 3512 9186 
2 3434 8570 
2 3220 8454 
2 2911 8366 
2 2651 7373 
2 1361 7111 
2 1313 6800 
2 884 6677 
2 600 6600 
2 417 5315 
2 283 4639 
2 4627 9866 
2 4451 9682 
2 3733 9021 
2 3225 8616 
2 2289 8573 
2 1959 8542 
2 1621 8242 
2 1261 7957 
2 1234 7457 
2 1059 7349 
2 1020 7227 
2 688 7005 
2 312 6525 
2 6174 9647 
2 5268 9554 
2 4594 9540 
2 3977 8838 
2 3784 8746 
2 3719 8540 
2 3690 7906 
2 3654 7388 
2 3383 6928 
2 3374 6897 
2 2852 6583 
2 2516 6034 
2 2356 5650 
2 2298 5479 
2 2024 4835 
2 1766 4741 
2 1284 4475 
2 1009 4453 
2 819 4054 
2 189 3934 
2 67 3617 
2 3470 9865 
2 3438 9322 
2 2367 9150 
2 1892 9007 
2 1747 8954 
2 1526 8761 
2 1161 8645 
2 971 8273 
2 571 8137 
2 100 7786 
2 7590 9233 
2 7430 8420 
2 7392 7915 
2 5949 7416 
2 5220 7270 
2 5002 7251 
2 4703 6725 
2 4614 6380 
2 4124 4399 
2 4120 4374 
2 3877 4366 
2 3803 4259 
2 3398 4179 
2 3125 4172 
2 3121 3328 
2 3079 2710 
2 2543 2610 
2 2427 2229 
2 2130 2074 
2 1891 1666 
2 1889 1593 
2 1631 1327 
2 1559 1307 
2 1462 1113 
2 1317 462 
2 1147 279 
2 1135 9969 
2 738 9864 
2 693 9820 
2 525 9586 
2 410 9045 
2 198 9038 
2 131 8833 
2 7747 9276 
2 7638 8090 
2 7486 7914 
2 7407 7911 
2 7387 7854 
2 7216 7732 
2 6692 6984 
2 6520 6856 
2 6069 6526 
